2024-10-25 08:33:23.102 [main] INFO  o.a.s.c.IniSecurityManagerFactory - Realms have been explicitly set on the SecurityManager instance - auto-setting of realms will not occur.
2024-10-25 08:35:16.283 [main] INFO  o.a.s.c.IniSecurityManagerFactory - Realms have been explicitly set on the SecurityManager instance - auto-setting of realms will not occur.
2024-10-25 09:04:41.225 [main] INFO  o.a.s.c.IniSecurityManagerFactory - Realms have been explicitly set on the SecurityManager instance - auto-setting of realms will not occur.
2024-10-25 09:04:41.257 [main] INFO  o.a.s.s.m.AbstractValidatingSessionManager - Enabling session validation scheduler...
2024-10-25 16:23:08.744 [main] DEBUG org.apache.shiro.io.ResourceUtils - Opening resource from class path [shiro.ini]
2024-10-25 16:23:08.752 [main] DEBUG org.apache.shiro.config.Ini - Parsing [main]
2024-10-25 16:23:08.756 [main] DEBUG org.apache.shiro.config.Ini - Parsing [users]
2024-10-25 16:23:08.756 [main] DEBUG org.apache.shiro.config.Ini - Parsing [roles]
2024-10-25 16:23:08.785 [main] DEBUG o.a.shiro.config.IniFactorySupport - Creating instance from Ini [sections=main,users,roles]
2024-10-25 16:23:08.829 [main] DEBUG o.a.shiro.config.ReflectionBuilder - Encountered object reference '$md5CredentialsMatcher'.  Looking up object with id 'md5CredentialsMatcher'
2024-10-25 16:23:08.829 [main] DEBUG o.a.shiro.realm.AuthorizingRealm - No authorizationCache instance set.  Checking for a cacheManager...
2024-10-25 16:23:08.830 [main] DEBUG o.a.shiro.realm.AuthorizingRealm - No cache or cacheManager properties have been set.  Authorization cache cannot be obtained.
2024-10-25 16:23:08.837 [main] DEBUG o.a.shiro.config.ReflectionBuilder - Encountered object reference '$myrealm'.  Looking up object with id 'myrealm'
2024-10-25 16:23:08.838 [main] DEBUG org.apache.shiro.realm.text.IniRealm - Discovered the [roles] section.  Processing...
2024-10-25 16:23:08.839 [main] DEBUG org.apache.shiro.realm.text.IniRealm - Discovered the [users] section.  Processing...
2024-10-25 16:23:08.842 [main] DEBUG o.a.shiro.realm.AuthorizingRealm - No authorizationCache instance set.  Checking for a cacheManager...
2024-10-25 16:23:08.842 [main] DEBUG o.a.shiro.realm.AuthorizingRealm - No cache or cacheManager properties have been set.  Authorization cache cannot be obtained.
2024-10-25 16:23:08.842 [main] INFO  o.a.s.c.IniSecurityManagerFactory - Realms have been explicitly set on the SecurityManager instance - auto-setting of realms will not occur.
2024-10-25 16:23:08.849 [main] WARN  o.a.s.authc.AbstractAuthenticator - Authentication failed for token submission [org.apache.shiro.authc.UsernamePasswordToken - zhangsan, rememberMe=false].  Possible unexpected error? (Typical or expected login exceptions should extend from AuthenticationException).
java.lang.ClassCastException: class [C cannot be cast to class java.lang.String ([C and java.lang.String are in module java.base of loader 'bootstrap')
	at com.cms.Utils.MyRealm.doGetAuthenticationInfo(MyRealm.java:32)
	at org.apache.shiro.realm.AuthenticatingRealm.getAuthenticationInfo(AuthenticatingRealm.java:571)
	at org.apache.shiro.authc.pam.ModularRealmAuthenticator.doSingleRealmAuthentication(ModularRealmAuthenticator.java:180)
	at org.apache.shiro.authc.pam.ModularRealmAuthenticator.doAuthenticate(ModularRealmAuthenticator.java:273)
	at org.apache.shiro.authc.AbstractAuthenticator.authenticate(AbstractAuthenticator.java:198)
	at org.apache.shiro.mgt.AuthenticatingSecurityManager.authenticate(AuthenticatingSecurityManager.java:106)
	at org.apache.shiro.mgt.DefaultSecurityManager.login(DefaultSecurityManager.java:275)
	at org.apache.shiro.subject.support.DelegatingSubject.login(DelegatingSubject.java:260)
	at shiroRun.shirotest(shiroRun.java:25)
	at java.base/jdk.internal.reflect.DirectMethodHandleAccessor.invoke(DirectMethodHandleAccessor.java:103)
	at java.base/java.lang.reflect.Method.invoke(Method.java:580)
	at org.junit.runners.model.FrameworkMethod$1.runReflectiveCall(FrameworkMethod.java:47)
	at org.junit.internal.runners.model.ReflectiveCallable.run(ReflectiveCallable.java:12)
	at org.junit.runners.model.FrameworkMethod.invokeExplosively(FrameworkMethod.java:44)
	at org.junit.internal.runners.statements.InvokeMethod.evaluate(InvokeMethod.java:17)
	at org.junit.runners.ParentRunner.runLeaf(ParentRunner.java:271)
	at org.junit.runners.BlockJUnit4ClassRunner.runChild(BlockJUnit4ClassRunner.java:70)
	at org.junit.runners.BlockJUnit4ClassRunner.runChild(BlockJUnit4ClassRunner.java:50)
	at org.junit.runners.ParentRunner$3.run(ParentRunner.java:238)
	at org.junit.runners.ParentRunner$1.schedule(ParentRunner.java:63)
	at org.junit.runners.ParentRunner.runChildren(ParentRunner.java:236)
	at org.junit.runners.ParentRunner.access$000(ParentRunner.java:53)
	at org.junit.runners.ParentRunner$2.evaluate(ParentRunner.java:229)
	at org.junit.runners.ParentRunner.run(ParentRunner.java:309)
	at org.junit.runner.JUnitCore.run(JUnitCore.java:160)
	at com.intellij.junit4.JUnit4IdeaTestRunner.startRunnerWithArgs(JUnit4IdeaTestRunner.java:69)
	at com.intellij.rt.junit.IdeaTestRunner$Repeater$1.execute(IdeaTestRunner.java:38)
	at com.intellij.rt.execution.junit.TestsRepeater.repeat(TestsRepeater.java:11)
	at com.intellij.rt.junit.IdeaTestRunner$Repeater.startRunnerWithArgs(IdeaTestRunner.java:35)
	at com.intellij.rt.junit.JUnitStarter.prepareStreamsAndStart(JUnitStarter.java:232)
	at com.intellij.rt.junit.JUnitStarter.main(JUnitStarter.java:55)
2024-10-25 16:23:21.737 [main] DEBUG org.apache.shiro.io.ResourceUtils - Opening resource from class path [shiro.ini]
2024-10-25 16:23:21.745 [main] DEBUG org.apache.shiro.config.Ini - Parsing [main]
2024-10-25 16:23:21.747 [main] DEBUG org.apache.shiro.config.Ini - Parsing [users]
2024-10-25 16:23:21.748 [main] DEBUG org.apache.shiro.config.Ini - Parsing [roles]
2024-10-25 16:23:21.777 [main] DEBUG o.a.shiro.config.IniFactorySupport - Creating instance from Ini [sections=main,users,roles]
2024-10-25 16:23:21.820 [main] DEBUG o.a.shiro.config.ReflectionBuilder - Encountered object reference '$md5CredentialsMatcher'.  Looking up object with id 'md5CredentialsMatcher'
2024-10-25 16:23:21.821 [main] DEBUG o.a.shiro.realm.AuthorizingRealm - No authorizationCache instance set.  Checking for a cacheManager...
2024-10-25 16:23:21.821 [main] DEBUG o.a.shiro.realm.AuthorizingRealm - No cache or cacheManager properties have been set.  Authorization cache cannot be obtained.
2024-10-25 16:23:21.827 [main] DEBUG o.a.shiro.config.ReflectionBuilder - Encountered object reference '$myrealm'.  Looking up object with id 'myrealm'
2024-10-25 16:23:21.827 [main] DEBUG org.apache.shiro.realm.text.IniRealm - Discovered the [roles] section.  Processing...
2024-10-25 16:23:21.828 [main] DEBUG org.apache.shiro.realm.text.IniRealm - Discovered the [users] section.  Processing...
2024-10-25 16:23:21.830 [main] DEBUG o.a.shiro.realm.AuthorizingRealm - No authorizationCache instance set.  Checking for a cacheManager...
2024-10-25 16:23:21.830 [main] DEBUG o.a.shiro.realm.AuthorizingRealm - No cache or cacheManager properties have been set.  Authorization cache cannot be obtained.
2024-10-25 16:23:21.830 [main] INFO  o.a.s.c.IniSecurityManagerFactory - Realms have been explicitly set on the SecurityManager instance - auto-setting of realms will not occur.
2024-10-25 16:23:21.836 [main] WARN  o.a.s.authc.AbstractAuthenticator - Authentication failed for token submission [org.apache.shiro.authc.UsernamePasswordToken - zhangsan, rememberMe=false].  Possible unexpected error? (Typical or expected login exceptions should extend from AuthenticationException).
java.lang.ClassCastException: class [C cannot be cast to class java.lang.String ([C and java.lang.String are in module java.base of loader 'bootstrap')
	at com.cms.Utils.MyRealm.doGetAuthenticationInfo(MyRealm.java:32)
	at org.apache.shiro.realm.AuthenticatingRealm.getAuthenticationInfo(AuthenticatingRealm.java:571)
	at org.apache.shiro.authc.pam.ModularRealmAuthenticator.doSingleRealmAuthentication(ModularRealmAuthenticator.java:180)
	at org.apache.shiro.authc.pam.ModularRealmAuthenticator.doAuthenticate(ModularRealmAuthenticator.java:273)
	at org.apache.shiro.authc.AbstractAuthenticator.authenticate(AbstractAuthenticator.java:198)
	at org.apache.shiro.mgt.AuthenticatingSecurityManager.authenticate(AuthenticatingSecurityManager.java:106)
	at org.apache.shiro.mgt.DefaultSecurityManager.login(DefaultSecurityManager.java:275)
	at org.apache.shiro.subject.support.DelegatingSubject.login(DelegatingSubject.java:260)
	at shiroRun.shirotest(shiroRun.java:25)
	at java.base/jdk.internal.reflect.DirectMethodHandleAccessor.invoke(DirectMethodHandleAccessor.java:103)
	at java.base/java.lang.reflect.Method.invoke(Method.java:580)
	at org.junit.runners.model.FrameworkMethod$1.runReflectiveCall(FrameworkMethod.java:47)
	at org.junit.internal.runners.model.ReflectiveCallable.run(ReflectiveCallable.java:12)
	at org.junit.runners.model.FrameworkMethod.invokeExplosively(FrameworkMethod.java:44)
	at org.junit.internal.runners.statements.InvokeMethod.evaluate(InvokeMethod.java:17)
	at org.junit.runners.ParentRunner.runLeaf(ParentRunner.java:271)
	at org.junit.runners.BlockJUnit4ClassRunner.runChild(BlockJUnit4ClassRunner.java:70)
	at org.junit.runners.BlockJUnit4ClassRunner.runChild(BlockJUnit4ClassRunner.java:50)
	at org.junit.runners.ParentRunner$3.run(ParentRunner.java:238)
	at org.junit.runners.ParentRunner$1.schedule(ParentRunner.java:63)
	at org.junit.runners.ParentRunner.runChildren(ParentRunner.java:236)
	at org.junit.runners.ParentRunner.access$000(ParentRunner.java:53)
	at org.junit.runners.ParentRunner$2.evaluate(ParentRunner.java:229)
	at org.junit.runners.ParentRunner.run(ParentRunner.java:309)
	at org.junit.runner.JUnitCore.run(JUnitCore.java:160)
	at com.intellij.junit4.JUnit4IdeaTestRunner.startRunnerWithArgs(JUnit4IdeaTestRunner.java:69)
	at com.intellij.rt.junit.IdeaTestRunner$Repeater$1.execute(IdeaTestRunner.java:38)
	at com.intellij.rt.execution.junit.TestsRepeater.repeat(TestsRepeater.java:11)
	at com.intellij.rt.junit.IdeaTestRunner$Repeater.startRunnerWithArgs(IdeaTestRunner.java:35)
	at com.intellij.rt.junit.JUnitStarter.prepareStreamsAndStart(JUnitStarter.java:232)
	at com.intellij.rt.junit.JUnitStarter.main(JUnitStarter.java:55)
2024-10-25 16:24:07.492 [main] DEBUG org.apache.shiro.io.ResourceUtils - Opening resource from class path [shiro.ini]
2024-10-25 16:24:07.501 [main] DEBUG org.apache.shiro.config.Ini - Parsing [main]
2024-10-25 16:24:07.504 [main] DEBUG org.apache.shiro.config.Ini - Parsing [users]
2024-10-25 16:24:07.505 [main] DEBUG org.apache.shiro.config.Ini - Parsing [roles]
2024-10-25 16:24:07.537 [main] DEBUG o.a.shiro.config.IniFactorySupport - Creating instance from Ini [sections=main,users,roles]
2024-10-25 16:24:07.581 [main] DEBUG o.a.shiro.config.ReflectionBuilder - Encountered object reference '$md5CredentialsMatcher'.  Looking up object with id 'md5CredentialsMatcher'
2024-10-25 16:24:07.582 [main] DEBUG o.a.shiro.realm.AuthorizingRealm - No authorizationCache instance set.  Checking for a cacheManager...
2024-10-25 16:24:07.582 [main] DEBUG o.a.shiro.realm.AuthorizingRealm - No cache or cacheManager properties have been set.  Authorization cache cannot be obtained.
2024-10-25 16:24:07.589 [main] DEBUG o.a.shiro.config.ReflectionBuilder - Encountered object reference '$myrealm'.  Looking up object with id 'myrealm'
2024-10-25 16:24:07.589 [main] DEBUG org.apache.shiro.realm.text.IniRealm - Discovered the [roles] section.  Processing...
2024-10-25 16:24:07.590 [main] DEBUG org.apache.shiro.realm.text.IniRealm - Discovered the [users] section.  Processing...
2024-10-25 16:24:07.592 [main] DEBUG o.a.shiro.realm.AuthorizingRealm - No authorizationCache instance set.  Checking for a cacheManager...
2024-10-25 16:24:07.592 [main] DEBUG o.a.shiro.realm.AuthorizingRealm - No cache or cacheManager properties have been set.  Authorization cache cannot be obtained.
2024-10-25 16:24:07.592 [main] INFO  o.a.s.c.IniSecurityManagerFactory - Realms have been explicitly set on the SecurityManager instance - auto-setting of realms will not occur.
2024-10-25 16:24:07.598 [main] DEBUG o.a.shiro.realm.AuthenticatingRealm - Looked up AuthenticationInfo [zhangsan] from doGetAuthenticationInfo
2024-10-25 16:24:07.598 [main] DEBUG o.a.shiro.realm.AuthenticatingRealm - AuthenticationInfo caching is disabled for info [zhangsan].  Submitted token: [org.apache.shiro.authc.UsernamePasswordToken - zhangsan, rememberMe=false].
2024-10-25 16:24:07.621 [main] DEBUG o.a.s.a.c.SimpleCredentialsMatcher - Performing credentials equality check for tokenCredentials of type [org.apache.shiro.crypto.hash.SimpleHash and accountCredentials of type [org.apache.shiro.crypto.hash.SimpleHash]
2024-10-25 16:24:07.621 [main] DEBUG o.a.s.a.c.SimpleCredentialsMatcher - Both credentials arguments can be easily converted to byte arrays.  Performing array equals comparison
2024-10-25 16:25:20.487 [main] DEBUG org.apache.shiro.io.ResourceUtils - Opening resource from class path [shiro.ini]
2024-10-25 16:25:20.495 [main] DEBUG org.apache.shiro.config.Ini - Parsing [main]
2024-10-25 16:25:20.498 [main] DEBUG org.apache.shiro.config.Ini - Parsing [users]
2024-10-25 16:25:20.499 [main] DEBUG org.apache.shiro.config.Ini - Parsing [roles]
2024-10-25 16:25:20.526 [main] DEBUG o.a.shiro.config.IniFactorySupport - Creating instance from Ini [sections=main,users,roles]
2024-10-25 16:25:20.571 [main] DEBUG o.a.shiro.config.ReflectionBuilder - Encountered object reference '$md5CredentialsMatcher'.  Looking up object with id 'md5CredentialsMatcher'
2024-10-25 16:25:20.571 [main] DEBUG o.a.shiro.realm.AuthorizingRealm - No authorizationCache instance set.  Checking for a cacheManager...
2024-10-25 16:25:20.571 [main] DEBUG o.a.shiro.realm.AuthorizingRealm - No cache or cacheManager properties have been set.  Authorization cache cannot be obtained.
2024-10-25 16:25:20.578 [main] DEBUG o.a.shiro.config.ReflectionBuilder - Encountered object reference '$myrealm'.  Looking up object with id 'myrealm'
2024-10-25 16:25:20.579 [main] DEBUG org.apache.shiro.realm.text.IniRealm - Discovered the [roles] section.  Processing...
2024-10-25 16:25:20.581 [main] DEBUG org.apache.shiro.realm.text.IniRealm - Discovered the [users] section.  Processing...
2024-10-25 16:25:20.582 [main] DEBUG o.a.shiro.realm.AuthorizingRealm - No authorizationCache instance set.  Checking for a cacheManager...
2024-10-25 16:25:20.582 [main] DEBUG o.a.shiro.realm.AuthorizingRealm - No cache or cacheManager properties have been set.  Authorization cache cannot be obtained.
2024-10-25 16:25:20.582 [main] INFO  o.a.s.c.IniSecurityManagerFactory - Realms have been explicitly set on the SecurityManager instance - auto-setting of realms will not occur.
2024-10-25 16:25:20.587 [main] DEBUG o.a.shiro.realm.AuthenticatingRealm - Looked up AuthenticationInfo [zhangsan] from doGetAuthenticationInfo
2024-10-25 16:25:20.588 [main] DEBUG o.a.shiro.realm.AuthenticatingRealm - AuthenticationInfo caching is disabled for info [zhangsan].  Submitted token: [org.apache.shiro.authc.UsernamePasswordToken - zhangsan, rememberMe=false].
2024-10-25 16:25:20.611 [main] DEBUG o.a.s.a.c.SimpleCredentialsMatcher - Performing credentials equality check for tokenCredentials of type [org.apache.shiro.crypto.hash.SimpleHash and accountCredentials of type [org.apache.shiro.crypto.hash.SimpleHash]
2024-10-25 16:25:20.611 [main] DEBUG o.a.s.a.c.SimpleCredentialsMatcher - Both credentials arguments can be easily converted to byte arrays.  Performing array equals comparison
2024-10-25 16:30:47.150 [main] DEBUG org.apache.shiro.io.ResourceUtils - Opening resource from class path [shiro_role.ini]
2024-10-25 16:30:47.160 [main] DEBUG org.apache.shiro.config.Ini - Parsing [users]
2024-10-25 16:30:47.163 [main] DEBUG o.a.shiro.config.IniFactorySupport - Creating instance from Ini [sections=users]
2024-10-25 16:30:47.188 [main] DEBUG org.apache.shiro.realm.text.IniRealm - Discovered the [users] section.  Processing...
2024-10-25 16:30:47.197 [main] DEBUG o.a.shiro.realm.AuthenticatingRealm - Looked up AuthenticationInfo [acey] from doGetAuthenticationInfo
2024-10-25 16:30:47.197 [main] DEBUG o.a.shiro.realm.AuthenticatingRealm - AuthenticationInfo caching is disabled for info [acey].  Submitted token: [org.apache.shiro.authc.UsernamePasswordToken - acey, rememberMe=false].
2024-10-25 16:30:47.197 [main] DEBUG o.a.s.a.c.SimpleCredentialsMatcher - Performing credentials equality check for tokenCredentials of type [[C and accountCredentials of type [java.lang.String]
2024-10-25 16:30:47.198 [main] DEBUG o.a.s.a.c.SimpleCredentialsMatcher - Both credentials arguments can be easily converted to byte arrays.  Performing array equals comparison
2024-10-25 16:30:47.198 [main] DEBUG o.a.s.authc.AbstractAuthenticator - Authentication successful for token [org.apache.shiro.authc.UsernamePasswordToken - acey, rememberMe=false].  Returned account [acey]
2024-10-25 16:30:47.198 [main] DEBUG o.a.s.s.s.DefaultSubjectContext - No SecurityManager available in subject context map.  Falling back to SecurityUtils.getSecurityManager() lookup.
2024-10-25 16:30:47.198 [main] DEBUG o.a.s.s.s.DefaultSubjectContext - No SecurityManager available in subject context map.  Falling back to SecurityUtils.getSecurityManager() lookup.
2024-10-25 16:30:47.199 [main] DEBUG o.a.s.s.m.AbstractValidatingSessionManager - No sessionValidationScheduler set.  Attempting to create default instance.
2024-10-25 16:30:47.199 [main] INFO  o.a.s.s.m.AbstractValidatingSessionManager - Enabling session validation scheduler...
2024-10-25 16:30:47.205 [main] DEBUG o.a.s.s.mgt.DefaultSessionManager - Creating new EIS record for new session instance [org.apache.shiro.session.mgt.SimpleSession,id=null]
2024-10-25 16:30:47.257 [main] DEBUG o.a.shiro.mgt.DefaultSecurityManager - Logging out subject with primary principal acey
2024-10-25 16:30:47.258 [main] DEBUG o.a.s.s.mgt.AbstractSessionManager - Stopping session with id [253c40bc-f7f7-4927-8777-7b6acb9e6e70]
2024-10-25 16:30:57.519 [main] DEBUG org.apache.shiro.io.ResourceUtils - Opening resource from class path [shiro_role.ini]
2024-10-25 16:30:57.526 [main] DEBUG org.apache.shiro.config.Ini - Parsing [users]
2024-10-25 16:30:57.529 [main] DEBUG o.a.shiro.config.IniFactorySupport - Creating instance from Ini [sections=users]
2024-10-25 16:30:57.552 [main] DEBUG org.apache.shiro.realm.text.IniRealm - Discovered the [users] section.  Processing...
2024-10-25 16:30:57.561 [main] DEBUG o.a.shiro.realm.AuthenticatingRealm - Looked up AuthenticationInfo [acey] from doGetAuthenticationInfo
2024-10-25 16:30:57.561 [main] DEBUG o.a.shiro.realm.AuthenticatingRealm - AuthenticationInfo caching is disabled for info [acey].  Submitted token: [org.apache.shiro.authc.UsernamePasswordToken - acey, rememberMe=false].
2024-10-25 16:30:57.561 [main] DEBUG o.a.s.a.c.SimpleCredentialsMatcher - Performing credentials equality check for tokenCredentials of type [[C and accountCredentials of type [java.lang.String]
2024-10-25 16:30:57.561 [main] DEBUG o.a.s.a.c.SimpleCredentialsMatcher - Both credentials arguments can be easily converted to byte arrays.  Performing array equals comparison
2024-10-25 16:30:57.561 [main] DEBUG o.a.s.authc.AbstractAuthenticator - Authentication successful for token [org.apache.shiro.authc.UsernamePasswordToken - acey, rememberMe=false].  Returned account [acey]
2024-10-25 16:30:57.562 [main] DEBUG o.a.s.s.s.DefaultSubjectContext - No SecurityManager available in subject context map.  Falling back to SecurityUtils.getSecurityManager() lookup.
2024-10-25 16:30:57.562 [main] DEBUG o.a.s.s.s.DefaultSubjectContext - No SecurityManager available in subject context map.  Falling back to SecurityUtils.getSecurityManager() lookup.
2024-10-25 16:30:57.563 [main] DEBUG o.a.s.s.m.AbstractValidatingSessionManager - No sessionValidationScheduler set.  Attempting to create default instance.
2024-10-25 16:30:57.564 [main] INFO  o.a.s.s.m.AbstractValidatingSessionManager - Enabling session validation scheduler...
2024-10-25 16:30:57.569 [main] DEBUG o.a.s.s.mgt.DefaultSessionManager - Creating new EIS record for new session instance [org.apache.shiro.session.mgt.SimpleSession,id=null]
2024-10-25 16:30:57.624 [main] DEBUG o.a.shiro.mgt.DefaultSecurityManager - Logging out subject with primary principal acey
2024-10-25 16:30:57.624 [main] DEBUG o.a.s.s.mgt.AbstractSessionManager - Stopping session with id [39a86e26-39a6-4836-974a-72ffe288747f]
